<?xml version="1.0" encoding="UTF-8"?>
<!-- Generated by org.testng.reporters.JUnitXMLReporter -->
<testsuite hostname="DESKTOP-58NDN7D" failures="0" tests="3" name="Default test" time="11.685" errors="0" timestamp="23 Sep 2024 05:38:52 GMT">
  <testcase classname="com.meesho.Kids" name="Click_On_KIDS" time="0.275"/>
  <testcase classname="com.meesho.Kids" name="Click_SOftToys" time="2.423"/>
  <testcase classname="com.meesho.Kids" name="Validate_SoftToys_Page" time="0.172"/>
</testsuite> <!-- Default test -->
