<?xml version="1.0" encoding="UTF-8"?>
<!-- Generated by org.testng.reporters.JUnitXMLReporter -->
<testsuite ignored="0" hostname="DESKTOP-58NDN7D" failures="0" tests="4" name="Test1" time="102.584" errors="0" timestamp="2024-09-22T21:37:22 IST">
  <testcase classname="com.meesho.Kids" name="Click_On_KIDS" time="10.042"/>
  <testcase classname="com.meesho.Kids" name="Click_SOftToys" time="10.086"/>
  <testcase classname="com.meesho.Kids" name="Validate_SoftToys_Page" time="10.043"/>
  <testcase classname="com.meesho.Kids" name="Validate_SoftToys_Page" time="10.075"/>
</testsuite> <!-- Test1 -->
